<?xml version="1.0" encoding="UTF-8"?>
<!-- Generated by org.testng.reporters.JUnitReportReporter -->
<testsuite hostname="DESKTOP-A5J121D" failures="0" tests="2" name="opencarte2etests.AddItemToCart" time="7.134" errors="0" timestamp="2023-02-06T19:07:18 SGT" skipped="0">
  <testcase classname="opencarte2etests.AddItemToCart" name="wishList" time="4.874"/>
  <system-out/>
  <testcase classname="opencarte2etests.AddItemToCart" name="addItemCart" time="2.260"/>
  <system-out/>
</testsuite> <!-- opencarte2etests.AddItemToCart -->
