<?xml version="1.0" encoding="UTF-8"?>
<!-- Generated by org.testng.reporters.JUnitReportReporter -->
<testsuite hostname="DESKTOP-A5J121D" failures="0" tests="2" name="opencarte2etests.AccountRegistration" time="12.830" errors="0" timestamp="2023-02-06T18:37:22 SGT" skipped="0">
  <testcase classname="opencarte2etests.AccountRegistration" name="CustomerAccountRegisteration" time="10.421"/>
  <system-out/>
  <testcase classname="opencarte2etests.AccountRegistration" name="ReturningCustomerLoginTest" time="2.409"/>
  <system-out/>
</testsuite> <!-- opencarte2etests.AccountRegistration -->
