<?xml version="1.0" encoding="UTF-8"?>
<!-- Generated by org.testng.reporters.JUnitReportReporter -->
<testsuite hostname="DESKTOP-A5J121D" failures="0" tests="1" name="opencarte2etests.SearchItemFunctionality" time="7.166" errors="0" timestamp="2023-02-06T16:00:30 SGT" skipped="0">
  <testcase classname="opencarte2etests.SearchItemFunctionality" name="searchItem" time="7.166"/>
  <system-out/>
</testsuite> <!-- opencarte2etests.SearchItemFunctionality -->
